2026-06-19 18:48:08 - Starting InventariosApplication using Java 25.0.3 with PID 22052 (C:\Users\maxir\Downloads\SuperMercado\inventarios\target\classes started by maxir in C:\Users\maxir\Downloads\SuperMercado)
2026-06-19 18:48:08 - No active profile set, falling back to 1 default profile: "default"
2026-06-19 18:48:09 - Bootstrapping Spring Data JPA repositories in DEFAULT mode.
2026-06-19 18:48:09 - Finished Spring Data repository scanning in 78 ms. Found 1 JPA repository interface.
2026-06-19 18:48:09 - BeanFactory id=14b19fb1-d854-30f4-8487-fd7b5b013ba0
2026-06-19 18:48:10 - Tomcat initialized with port 8088 (http)
2026-06-19 18:48:10 - Starting service [Tomcat]
2026-06-19 18:48:10 - Starting Servlet engine: [Apache Tomcat/10.1.31]
2026-06-19 18:48:10 - Initializing Spring embedded WebApplicationContext
2026-06-19 18:48:10 - Root WebApplicationContext: initialization completed in 2304 ms
2026-06-19 18:48:11 - HikariPool-1 - Starting...
2026-06-19 18:48:12 - HikariPool-1 - Starting...
2026-06-19 18:48:13 - Exception encountered during context initialization - cancelling refresh attempt: org.springframework.beans.factory.BeanCreationException: Error creating bean with name 'entityManagerFactory' defined in class path resource [org/springframework/boot/autoconfigure/orm/jpa/HibernateJpaConfiguration.class]: Failed to initialize dependency 'flywayInitializer' of LoadTimeWeaverAware bean 'entityManagerFactory': Error creating bean with name 'flywayInitializer' defined in class path resource [org/springframework/boot/autoconfigure/flyway/FlywayAutoConfiguration$FlywayConfiguration.class]: Unable to obtain connection from database: Communications link failure

The last packet sent successfully to the server was 0 milliseconds ago. The driver has not received any packets from the server.
--------------------------------------------------------------------------------------------------------------------------------------------------------------------------------------------------------
SQL State  : 08S01
Error Code : 0
Message    : Communications link failure

The last packet sent successfully to the server was 0 milliseconds ago. The driver has not received any packets from the server.

2026-06-19 18:48:13 - Stopping service [Tomcat]
2026-06-19 18:48:13 - 

Error starting ApplicationContext. To display the condition evaluation report re-run your application with 'debug' enabled.
2026-06-19 18:48:13 - Application run failed
org.springframework.beans.factory.BeanCreationException: Error creating bean with name 'entityManagerFactory' defined in class path resource [org/springframework/boot/autoconfigure/orm/jpa/HibernateJpaConfiguration.class]: Failed to initialize dependency 'flywayInitializer' of LoadTimeWeaverAware bean 'entityManagerFactory': Error creating bean with name 'flywayInitializer' defined in class path resource [org/springframework/boot/autoconfigure/flyway/FlywayAutoConfiguration$FlywayConfiguration.class]: Unable to obtain connection from database: Communications link failure

The last packet sent successfully to the server was 0 milliseconds ago. The driver has not received any packets from the server.
--------------------------------------------------------------------------------------------------------------------------------------------------------------------------------------------------------
SQL State  : 08S01
Error Code : 0
Message    : Communications link failure

The last packet sent successfully to the server was 0 milliseconds ago. The driver has not received any packets from the server.

	at org.springframework.beans.factory.support.AbstractBeanFactory.doGetBean(AbstractBeanFactory.java:326)
	at org.springframework.beans.factory.support.AbstractBeanFactory.getBean(AbstractBeanFactory.java:205)
	at org.springframework.context.support.AbstractApplicationContext.finishBeanFactoryInitialization(AbstractApplicationContext.java:954)
	at org.springframework.context.support.AbstractApplicationContext.refresh(AbstractApplicationContext.java:625)
	at org.springframework.boot.web.servlet.context.ServletWebServerApplicationContext.refresh(ServletWebServerApplicationContext.java:146)
	at org.springframework.boot.SpringApplication.refresh(SpringApplication.java:754)
	at org.springframework.boot.SpringApplication.refreshContext(SpringApplication.java:456)
	at org.springframework.boot.SpringApplication.run(SpringApplication.java:335)
	at org.springframework.boot.SpringApplication.run(SpringApplication.java:1363)
	at org.springframework.boot.SpringApplication.run(SpringApplication.java:1352)
	at com.duoc.inventarios.InventariosApplication.main(InventariosApplication.java:13)
Caused by: org.springframework.beans.factory.BeanCreationException: Error creating bean with name 'flywayInitializer' defined in class path resource [org/springframework/boot/autoconfigure/flyway/FlywayAutoConfiguration$FlywayConfiguration.class]: Unable to obtain connection from database: Communications link failure

The last packet sent successfully to the server was 0 milliseconds ago. The driver has not received any packets from the server.
--------------------------------------------------------------------------------------------------------------------------------------------------------------------------------------------------------
SQL State  : 08S01
Error Code : 0
Message    : Communications link failure

The last packet sent successfully to the server was 0 milliseconds ago. The driver has not received any packets from the server.

	at org.springframework.beans.factory.support.AbstractAutowireCapableBeanFactory.initializeBean(AbstractAutowireCapableBeanFactory.java:1806)
	at org.springframework.beans.factory.support.AbstractAutowireCapableBeanFactory.doCreateBean(AbstractAutowireCapableBeanFactory.java:600)
	at org.springframework.beans.factory.support.AbstractAutowireCapableBeanFactory.createBean(AbstractAutowireCapableBeanFactory.java:522)
	at org.springframework.beans.factory.support.AbstractBeanFactory.lambda$doGetBean$0(AbstractBeanFactory.java:337)
	at org.springframework.beans.factory.support.DefaultSingletonBeanRegistry.getSingleton(DefaultSingletonBeanRegistry.java:234)
	at org.springframework.beans.factory.support.AbstractBeanFactory.doGetBean(AbstractBeanFactory.java:335)
	at org.springframework.beans.factory.support.AbstractBeanFactory.getBean(AbstractBeanFactory.java:200)
	at org.springframework.beans.factory.support.AbstractBeanFactory.doGetBean(AbstractBeanFactory.java:313)
	... 10 common frames omitted
Caused by: org.flywaydb.core.internal.exception.FlywaySqlException: Unable to obtain connection from database: Communications link failure

The last packet sent successfully to the server was 0 milliseconds ago. The driver has not received any packets from the server.
--------------------------------------------------------------------------------------------------------------------------------------------------------------------------------------------------------
SQL State  : 08S01
Error Code : 0
Message    : Communications link failure

The last packet sent successfully to the server was 0 milliseconds ago. The driver has not received any packets from the server.

	at org.flywaydb.core.internal.jdbc.JdbcUtils.openConnection(JdbcUtils.java:60)
	at org.flywaydb.core.internal.jdbc.JdbcConnectionFactory.<init>(JdbcConnectionFactory.java:72)
	at org.flywaydb.core.FlywayExecutor.execute(FlywayExecutor.java:134)
	at org.flywaydb.core.Flyway.migrate(Flyway.java:147)
	at org.springframework.boot.autoconfigure.flyway.FlywayMigrationInitializer.afterPropertiesSet(FlywayMigrationInitializer.java:66)
	at org.springframework.beans.factory.support.AbstractAutowireCapableBeanFactory.invokeInitMethods(AbstractAutowireCapableBeanFactory.java:1853)
	at org.springframework.beans.factory.support.AbstractAutowireCapableBeanFactory.initializeBean(AbstractAutowireCapableBeanFactory.java:1802)
	... 17 common frames omitted
Caused by: com.mysql.cj.jdbc.exceptions.CommunicationsException: Communications link failure

The last packet sent successfully to the server was 0 milliseconds ago. The driver has not received any packets from the server.
	at com.mysql.cj.jdbc.exceptions.SQLError.createCommunicationsException(SQLError.java:174)
	at com.mysql.cj.jdbc.exceptions.SQLExceptionsMapping.translateException(SQLExceptionsMapping.java:64)
	at com.mysql.cj.jdbc.ConnectionImpl.createNewIO(ConnectionImpl.java:815)
	at com.mysql.cj.jdbc.ConnectionImpl.<init>(ConnectionImpl.java:438)
	at com.mysql.cj.jdbc.ConnectionImpl.getInstance(ConnectionImpl.java:241)
	at com.mysql.cj.jdbc.NonRegisteringDriver.connect(NonRegisteringDriver.java:189)
	at com.zaxxer.hikari.util.DriverDataSource.getConnection(DriverDataSource.java:137)
	at com.zaxxer.hikari.pool.PoolBase.newConnection(PoolBase.java:360)
	at com.zaxxer.hikari.pool.PoolBase.newPoolEntry(PoolBase.java:202)
	at com.zaxxer.hikari.pool.HikariPool.createPoolEntry(HikariPool.java:461)
	at com.zaxxer.hikari.pool.HikariPool.checkFailFast(HikariPool.java:550)
	at com.zaxxer.hikari.pool.HikariPool.<init>(HikariPool.java:98)
	at com.zaxxer.hikari.HikariDataSource.getConnection(HikariDataSource.java:111)
	at org.flywaydb.core.internal.jdbc.JdbcUtils.openConnection(JdbcUtils.java:48)
	... 23 common frames omitted
Caused by: com.mysql.cj.exceptions.CJCommunicationsException: Communications link failure

The last packet sent successfully to the server was 0 milliseconds ago. The driver has not received any packets from the server.
	at java.base/jdk.internal.reflect.DirectConstructorHandleAccessor.newInstance(DirectConstructorHandleAccessor.java:62)
	at java.base/java.lang.reflect.Constructor.newInstanceWithCaller(Constructor.java:499)
	at java.base/java.lang.reflect.Constructor.newInstance(Constructor.java:483)
	at com.mysql.cj.exceptions.ExceptionFactory.createException(ExceptionFactory.java:61)
	at com.mysql.cj.exceptions.ExceptionFactory.createException(ExceptionFactory.java:104)
	at com.mysql.cj.exceptions.ExceptionFactory.createException(ExceptionFactory.java:149)
	at com.mysql.cj.exceptions.ExceptionFactory.createCommunicationsException(ExceptionFactory.java:165)
	at com.mysql.cj.protocol.a.NativeSocketConnection.connect(NativeSocketConnection.java:88)
	at com.mysql.cj.NativeSession.connect(NativeSession.java:120)
	at com.mysql.cj.jdbc.ConnectionImpl.connectOneTryOnly(ConnectionImpl.java:935)
	at com.mysql.cj.jdbc.ConnectionImpl.createNewIO(ConnectionImpl.java:805)
	... 34 common frames omitted
Caused by: java.net.ConnectException: Connection refused: getsockopt
	at java.base/sun.nio.ch.Net.pollConnect(Native Method)
	at java.base/sun.nio.ch.Net.pollConnectNow(Net.java:639)
	at java.base/sun.nio.ch.NioSocketImpl.timedFinishConnect(NioSocketImpl.java:543)
	at java.base/sun.nio.ch.NioSocketImpl.connect(NioSocketImpl.java:594)
	at java.base/java.net.SocksSocketImpl.connect(SocksSocketImpl.java:284)
	at java.base/java.net.Socket.connect(Socket.java:659)
	at com.mysql.cj.protocol.StandardSocketFactory.connect(StandardSocketFactory.java:153)
	at com.mysql.cj.protocol.a.NativeSocketConnection.connect(NativeSocketConnection.java:62)
	... 37 common frames omitted
2026-06-19 18:48:55 - Starting InventariosApplication using Java 25.0.3 with PID 2968 (C:\Users\maxir\Downloads\SuperMercado\inventarios\target\classes started by maxir in C:\Users\maxir\Downloads\SuperMercado)
2026-06-19 18:48:55 - No active profile set, falling back to 1 default profile: "default"
2026-06-19 18:48:56 - Bootstrapping Spring Data JPA repositories in DEFAULT mode.
2026-06-19 18:48:56 - Finished Spring Data repository scanning in 62 ms. Found 1 JPA repository interface.
2026-06-19 18:48:56 - BeanFactory id=14b19fb1-d854-30f4-8487-fd7b5b013ba0
2026-06-19 18:48:56 - Tomcat initialized with port 8088 (http)
2026-06-19 18:48:56 - Starting service [Tomcat]
2026-06-19 18:48:56 - Starting Servlet engine: [Apache Tomcat/10.1.31]
2026-06-19 18:48:57 - Initializing Spring embedded WebApplicationContext
2026-06-19 18:48:57 - Root WebApplicationContext: initialization completed in 1577 ms
2026-06-19 18:48:57 - HikariPool-1 - Starting...
2026-06-19 18:48:57 - HikariPool-1 - Added connection com.mysql.cj.jdbc.ConnectionImpl@7c453c34
2026-06-19 18:48:57 - HikariPool-1 - Start completed.
2026-06-19 18:48:57 - Database: jdbc:mysql://localhost:3306/db_inventarios (MySQL 9.6)
2026-06-19 18:48:57 - Flyway upgrade recommended: MySQL 9.6 is newer than this version of Flyway and support has not been tested. The latest supported version of MySQL is 8.1.
2026-06-19 18:48:57 - Successfully validated 1 migration (execution time 00:00.043s)
2026-06-19 18:48:57 - Current version of schema `db_inventarios`: 1
2026-06-19 18:48:57 - Schema `db_inventarios` is up to date. No migration necessary.
2026-06-19 18:48:57 - HHH000204: Processing PersistenceUnitInfo [name: default]
2026-06-19 18:48:57 - HHH000412: Hibernate ORM core version 6.5.3.Final
2026-06-19 18:48:57 - HHH000026: Second-level cache disabled
2026-06-19 18:48:58 - No LoadTimeWeaver setup: ignoring JPA class transformer
2026-06-19 18:48:58 - HHH90000025: MySQLDialect does not need to be specified explicitly using 'hibernate.dialect' (remove the property setting and it will be selected by default)
2026-06-19 18:48:59 - HHH000489: No JTA platform available (set 'hibernate.transaction.jta.platform' to enable JTA platform integration)
2026-06-19 18:48:59 - Initialized JPA EntityManagerFactory for persistence unit 'default'
2026-06-19 18:48:59 - spring.jpa.open-in-view is enabled by default. Therefore, database queries may be performed during view rendering. Explicitly configure spring.jpa.open-in-view to disable this warning
2026-06-19 18:49:00 - Cannot determine local hostname
2026-06-19 18:49:00 - Tomcat started on port 8088 (http) with context path '/'
2026-06-19 18:49:02 - Cannot determine local hostname
2026-06-19 18:49:02 - Started InventariosApplication in 8.08 seconds (process running for 8.856)
2026-06-19 18:49:18 - Initializing Spring DispatcherServlet 'dispatcherServlet'
2026-06-19 18:49:18 - Initializing Servlet 'dispatcherServlet'
2026-06-19 18:49:18 - Completed initialization in 1 ms
2026-06-19 18:49:19 - Init duration for springdoc-openapi is: 180 ms
2026-06-19 18:50:06 - Closing JPA EntityManagerFactory for persistence unit 'default'
2026-06-19 18:50:06 - HikariPool-1 - Shutdown initiated...
2026-06-19 18:50:06 - HikariPool-1 - Shutdown completed.
2026-06-19 18:50:11 - Starting InventariosApplication using Java 25.0.3 with PID 8356 (C:\Users\maxir\Downloads\SuperMercado\inventarios\target\classes started by maxir in C:\Users\maxir\Downloads\SuperMercado)
2026-06-19 18:50:11 - No active profile set, falling back to 1 default profile: "default"
2026-06-19 18:50:12 - Bootstrapping Spring Data JPA repositories in DEFAULT mode.
2026-06-19 18:50:12 - Finished Spring Data repository scanning in 47 ms. Found 1 JPA repository interface.
2026-06-19 18:50:12 - BeanFactory id=14b19fb1-d854-30f4-8487-fd7b5b013ba0
2026-06-19 18:50:12 - Tomcat initialized with port 8088 (http)
2026-06-19 18:50:12 - Starting service [Tomcat]
2026-06-19 18:50:12 - Starting Servlet engine: [Apache Tomcat/10.1.31]
2026-06-19 18:50:12 - Initializing Spring embedded WebApplicationContext
2026-06-19 18:50:12 - Root WebApplicationContext: initialization completed in 1390 ms
2026-06-19 18:50:13 - HikariPool-1 - Starting...
2026-06-19 18:50:13 - HikariPool-1 - Added connection com.mysql.cj.jdbc.ConnectionImpl@48cd319d
2026-06-19 18:50:13 - HikariPool-1 - Start completed.
2026-06-19 18:50:13 - Database: jdbc:mysql://localhost:3306/db_inventarios (MySQL 9.6)
2026-06-19 18:50:13 - Flyway upgrade recommended: MySQL 9.6 is newer than this version of Flyway and support has not been tested. The latest supported version of MySQL is 8.1.
2026-06-19 18:50:13 - Successfully validated 1 migration (execution time 00:00.036s)
2026-06-19 18:50:13 - Current version of schema `db_inventarios`: 1
2026-06-19 18:50:13 - Schema `db_inventarios` is up to date. No migration necessary.
2026-06-19 18:50:13 - HHH000204: Processing PersistenceUnitInfo [name: default]
2026-06-19 18:50:13 - HHH000412: Hibernate ORM core version 6.5.3.Final
2026-06-19 18:50:13 - HHH000026: Second-level cache disabled
2026-06-19 18:50:13 - No LoadTimeWeaver setup: ignoring JPA class transformer
2026-06-19 18:50:13 - HHH90000025: MySQLDialect does not need to be specified explicitly using 'hibernate.dialect' (remove the property setting and it will be selected by default)
2026-06-19 18:50:14 - HHH000489: No JTA platform available (set 'hibernate.transaction.jta.platform' to enable JTA platform integration)
2026-06-19 18:50:14 - Initialized JPA EntityManagerFactory for persistence unit 'default'
2026-06-19 18:50:14 - spring.jpa.open-in-view is enabled by default. Therefore, database queries may be performed during view rendering. Explicitly configure spring.jpa.open-in-view to disable this warning
2026-06-19 18:50:16 - Cannot determine local hostname
2026-06-19 18:50:16 - Tomcat started on port 8088 (http) with context path '/'
2026-06-19 18:50:17 - Cannot determine local hostname
2026-06-19 18:50:17 - Started InventariosApplication in 7.229 seconds (process running for 7.759)
2026-06-19 18:50:18 - Initializing Spring DispatcherServlet 'dispatcherServlet'
2026-06-19 18:50:18 - Initializing Servlet 'dispatcherServlet'
2026-06-19 18:50:18 - Completed initialization in 0 ms
2026-06-19 18:50:19 - Init duration for springdoc-openapi is: 163 ms
2026-06-19 18:57:39 - Closing JPA EntityManagerFactory for persistence unit 'default'
2026-06-19 18:57:39 - HikariPool-1 - Shutdown initiated...
2026-06-19 18:57:39 - HikariPool-1 - Shutdown completed.
